July 29, 2020, 6:33 am : Array not full. Stopped at: EVRY
EXITING SCRIPT WITH ERROR
------------------------------------

July 29, 2020, 6:54 am : Array not full. Stopped at: EVRY
EXITING SCRIPT WITH ERROR
------------------------------------

July 29, 2020, 7:27 am : Array not full. Stopped at: GOT
EXITING SCRIPT WITH ERROR
------------------------------------

July 29, 2020, 7:27 am : Array not full. Stopped at: DITE
EXITING SCRIPT WITH ERROR
------------------------------------

July 29, 2020, 7:27 am : Array not full. Stopped at: BRZZ
EXITING SCRIPT WITH ERROR
------------------------------------

July 29, 2020, 7:27 am : Array not full. Stopped at: HERO
EXITING SCRIPT WITH ERROR
------------------------------------

July 29, 2020, 7:27 am : Array not full. Stopped at: DBOI
EXITING SCRIPT WITH ERROR
------------------------------------

July 29, 2020, 7:27 am : Array not full. Stopped at: PRSF
EXITING SCRIPT WITH ERROR
------------------------------------

July 29, 2020, 7:27 am : Array not full. Stopped at: HRMB
EXITING SCRIPT WITH ERROR
------------------------------------

July 29, 2020, 7:27 am : Array not full. Stopped at: TIME
EXITING SCRIPT WITH ERROR
------------------------------------

July 29, 2020, 7:27 am : Array not full. Stopped at: GMGT
EXITING SCRIPT WITH ERROR
------------------------------------

July 29, 2020, 7:27 am : Array not full. Stopped at: BIG
EXITING SCRIPT WITH ERROR
------------------------------------

July 29, 2020, 7:27 am : Array not full. Stopped at: RCDO
EXITING SCRIPT WITH ERROR
------------------------------------

July 29, 2020, 7:27 am : Array not full. Stopped at: OWMS
EXITING SCRIPT WITH ERROR
------------------------------------

July 29, 2020, 7:27 am : Array not full. Stopped at: POG
EXITING SCRIPT WITH ERROR
------------------------------------

July 29, 2020, 7:27 am : Array not full. Stopped at: WAT
EXITING SCRIPT WITH ERROR
------------------------------------

July 29, 2020, 7:27 am : Array not full. Stopped at: AYY
EXITING SCRIPT WITH ERROR
------------------------------------

July 29, 2020, 7:27 am : Array not full. Stopped at: PIKA
EXITING SCRIPT WITH ERROR
------------------------------------

July 29, 2020, 7:27 am : Array not full. Stopped at: GRMP
EXITING SCRIPT WITH ERROR
------------------------------------

July 29, 2020, 7:27 am : Array not full. Stopped at: OKBM
EXITING SCRIPT WITH ERROR
------------------------------------

July 29, 2020, 7:27 am : Array not full. Stopped at: BLLE
EXITING SCRIPT WITH ERROR
------------------------------------

July 29, 2020, 7:27 am : Array not full. Stopped at: NYAN
EXITING SCRIPT WITH ERROR
------------------------------------

July 29, 2020, 7:27 am : Array not full. Stopped at: FLCA
EXITING SCRIPT WITH ERROR
------------------------------------

July 29, 2020, 7:27 am : Array not full. Stopped at: IQ
EXITING SCRIPT WITH ERROR
------------------------------------

July 29, 2020, 7:27 am : Array not full. Stopped at: CMO
EXITING SCRIPT WITH ERROR
------------------------------------

July 29, 2020, 7:27 am : Array not full. Stopped at: DRDE
EXITING SCRIPT WITH ERROR
------------------------------------

July 29, 2020, 7:27 am : Array not full. Stopped at: TCAR
EXITING SCRIPT WITH ERROR
------------------------------------

July 29, 2020, 7:27 am : Array not full. Stopped at: PBAL
EXITING SCRIPT WITH ERROR
------------------------------------

July 29, 2020, 7:27 am : Array not full. Stopped at: EVRY
EXITING SCRIPT WITH ERROR
------------------------------------

July 29, 2020, 7:27 am : Array not full. Stopped at: RITP
EXITING SCRIPT WITH ERROR
------------------------------------

July 29, 2020, 7:27 am : Array not full. Stopped at: PBLE
EXITING SCRIPT WITH ERROR
------------------------------------

July 29, 2020, 7:27 am : Array not full. Stopped at: APYR
EXITING SCRIPT WITH ERROR
------------------------------------

July 29, 2020, 7:27 am : Array not full. Stopped at: FVSV
EXITING SCRIPT WITH ERROR
------------------------------------

July 29, 2020, 7:27 am : Array not full. Stopped at: BRED
EXITING SCRIPT WITH ERROR
------------------------------------

July 29, 2020, 7:27 am : Array not full. Stopped at: SNPI
EXITING SCRIPT WITH ERROR
------------------------------------

July 29, 2020, 7:27 am : Array not full. Stopped at: SHRK
EXITING SCRIPT WITH ERROR
------------------------------------

July 29, 2020, 7:27 am : Array not full. Stopped at: MOCK
EXITING SCRIPT WITH ERROR
------------------------------------

July 29, 2020, 7:27 am : Successfully pulled data.
ENDING SCRIPT WITH SUCCESS
------------------------------------

July 30, 2020, 4:49 am : Array not full. Stopped at: SLND
EXITING SCRIPT WITH ERROR
------------------------------------

July 30, 2020, 9:01 am : Array not full. Stopped at: EVRY
EXITING SCRIPT WITH ERROR
------------------------------------

July 30, 2020, 9:45 am : Array not full. Stopped at: EVRY
EXITING SCRIPT WITH ERROR
------------------------------------

July 30, 2020, 9:45 am : Successfully pulled data.
ENDING SCRIPT WITH SUCCESS
------------------------------------

July 30, 2020, 7:28 pm : Successfully pulled data.
ENDING SCRIPT WITH SUCCESS
------------------------------------

July 31, 2020, 7:26 pm : Successfully pulled data.
ENDING SCRIPT WITH SUCCESS
------------------------------------

August 2, 2020, 7:26 pm : Successfully pulled data.
ENDING SCRIPT WITH SUCCESS
------------------------------------

August 3, 2020, 7:26 pm : Array not full. Stopped at: FVSV
EXITING SCRIPT WITH ERROR
------------------------------------

August 4, 2020, 7:27 pm : Array not full. Stopped at: FVSV
EXITING SCRIPT WITH ERROR
------------------------------------

August 5, 2020, 7:27 pm : Array not full. Stopped at: FVSV
EXITING SCRIPT WITH ERROR
------------------------------------

August 6, 2020, 7:27 pm : Array not full. Stopped at: FVSV
EXITING SCRIPT WITH ERROR
------------------------------------

August 7, 2020, 7:26 pm : Array not full. Stopped at: FVSV
EXITING SCRIPT WITH ERROR
------------------------------------

August 8, 2020, 7:26 pm : Array not full. Stopped at: FVSV
EXITING SCRIPT WITH ERROR
------------------------------------

August 9, 2020, 7:27 pm : Array not full. Stopped at: FVSV
EXITING SCRIPT WITH ERROR
------------------------------------

August 10, 2020, 7:27 pm : Array not full. Stopped at: FVSV
EXITING SCRIPT WITH ERROR
------------------------------------

August 11, 2020, 7:28 pm : Array not full. Stopped at: FVSV
EXITING SCRIPT WITH ERROR
------------------------------------

August 12, 2020, 7:26 pm : Array not full. Stopped at: FVSV
EXITING SCRIPT WITH ERROR
------------------------------------

August 13, 2020, 7:27 pm : Array not full. Stopped at: FVSV
EXITING SCRIPT WITH ERROR
------------------------------------

August 14, 2020, 7:26 pm : Array not full. Stopped at: FVSV
EXITING SCRIPT WITH ERROR
------------------------------------

August 15, 2020, 7:26 pm : Array not full. Stopped at: FVSV
EXITING SCRIPT WITH ERROR
------------------------------------

August 16, 2020, 7:26 pm : Array not full. Stopped at: FVSV
EXITING SCRIPT WITH ERROR
------------------------------------

August 17, 2020, 7:26 pm : Array not full. Stopped at: FVSV
EXITING SCRIPT WITH ERROR
------------------------------------

August 18, 2020, 7:27 pm : Array not full. Stopped at: FVSV
EXITING SCRIPT WITH ERROR
------------------------------------

August 19, 2020, 7:27 pm : Array not full. Stopped at: FVSV
EXITING SCRIPT WITH ERROR
------------------------------------

August 20, 2020, 7:27 pm : Array not full. Stopped at: FVSV
EXITING SCRIPT WITH ERROR
------------------------------------

August 21, 2020, 7:26 pm : Array not full. Stopped at: FVSV
EXITING SCRIPT WITH ERROR
------------------------------------

August 22, 2020, 7:27 pm : Array not full. Stopped at: FVSV
EXITING SCRIPT WITH ERROR
------------------------------------

August 23, 2020, 7:26 pm : Array not full. Stopped at: FVSV
EXITING SCRIPT WITH ERROR
------------------------------------

August 24, 2020, 7:27 pm : Array not full. Stopped at: FVSV
EXITING SCRIPT WITH ERROR
------------------------------------

August 25, 2020, 7:28 pm : Array not full. Stopped at: FVSV
EXITING SCRIPT WITH ERROR
------------------------------------

August 26, 2020, 7:27 pm : Array not full. Stopped at: FVSV
EXITING SCRIPT WITH ERROR
------------------------------------

August 27, 2020, 7:27 pm : Array not full. Stopped at: FVSV
EXITING SCRIPT WITH ERROR
------------------------------------

August 28, 2020, 7:27 pm : Array not full. Stopped at: FVSV
EXITING SCRIPT WITH ERROR
------------------------------------

August 29, 2020, 7:27 pm : Array not full. Stopped at: FVSV
EXITING SCRIPT WITH ERROR
------------------------------------

August 30, 2020, 7:27 pm : Array not full. Stopped at: FVSV
EXITING SCRIPT WITH ERROR
------------------------------------

August 31, 2020, 7:27 pm : Array not full. Stopped at: FVSV
EXITING SCRIPT WITH ERROR
------------------------------------

September 1, 2020, 7:28 pm : Array not full. Stopped at: FVSV
EXITING SCRIPT WITH ERROR
------------------------------------

September 2, 2020, 7:26 pm : Array not full. Stopped at: FVSV
EXITING SCRIPT WITH ERROR
------------------------------------

September 3, 2020, 7:26 pm : Array not full. Stopped at: FVSV
EXITING SCRIPT WITH ERROR
------------------------------------

September 4, 2020, 7:28 pm : Array not full. Stopped at: FVSV
EXITING SCRIPT WITH ERROR
------------------------------------

September 5, 2020, 7:26 pm : Array not full. Stopped at: FVSV
EXITING SCRIPT WITH ERROR
------------------------------------

September 6, 2020, 7:27 pm : Array not full. Stopped at: FVSV
EXITING SCRIPT WITH ERROR
------------------------------------

September 7, 2020, 7:28 pm : Array not full. Stopped at: FVSV
EXITING SCRIPT WITH ERROR
------------------------------------

September 8, 2020, 7:28 pm : Array not full. Stopped at: FVSV
EXITING SCRIPT WITH ERROR
------------------------------------

September 9, 2020, 7:29 pm : Array not full. Stopped at: FVSV
EXITING SCRIPT WITH ERROR
------------------------------------

September 10, 2020, 7:29 pm : Array not full. Stopped at: FVSV
EXITING SCRIPT WITH ERROR
------------------------------------

September 11, 2020, 7:27 pm : Array not full. Stopped at: FVSV
EXITING SCRIPT WITH ERROR
------------------------------------

September 12, 2020, 7:26 pm : Array not full. Stopped at: FVSV
EXITING SCRIPT WITH ERROR
------------------------------------

September 13, 2020, 7:26 pm : Array not full. Stopped at: FVSV
EXITING SCRIPT WITH ERROR
------------------------------------

September 14, 2020, 7:27 pm : Array not full. Stopped at: FVSV
EXITING SCRIPT WITH ERROR
------------------------------------

September 15, 2020, 7:30 pm : Array not full. Stopped at: FVSV
EXITING SCRIPT WITH ERROR
------------------------------------

September 16, 2020, 7:27 pm : Array not full. Stopped at: FVSV
EXITING SCRIPT WITH ERROR
------------------------------------

September 17, 2020, 7:27 pm : Array not full. Stopped at: FVSV
EXITING SCRIPT WITH ERROR
------------------------------------

September 18, 2020, 7:27 pm : Array not full. Stopped at: FVSV
EXITING SCRIPT WITH ERROR
------------------------------------

September 19, 2020, 7:26 pm : Array not full. Stopped at: FVSV
EXITING SCRIPT WITH ERROR
------------------------------------

September 20, 2020, 7:26 pm : Array not full. Stopped at: FVSV
EXITING SCRIPT WITH ERROR
------------------------------------

September 21, 2020, 7:27 pm : Array not full. Stopped at: FVSV
EXITING SCRIPT WITH ERROR
------------------------------------

September 22, 2020, 7:27 pm : Array not full. Stopped at: FVSV
EXITING SCRIPT WITH ERROR
------------------------------------

September 23, 2020, 7:27 pm : Array not full. Stopped at: FVSV
EXITING SCRIPT WITH ERROR
------------------------------------

September 24, 2020, 7:27 pm : Array not full. Stopped at: FVSV
EXITING SCRIPT WITH ERROR
------------------------------------

September 25, 2020, 7:26 pm : Array not full. Stopped at: FVSV
EXITING SCRIPT WITH ERROR
------------------------------------

September 26, 2020, 7:26 pm : Array not full. Stopped at: FVSV
EXITING SCRIPT WITH ERROR
------------------------------------

September 27, 2020, 7:26 pm : Array not full. Stopped at: FVSV
EXITING SCRIPT WITH ERROR
------------------------------------

September 28, 2020, 7:27 pm : Array not full. Stopped at: FVSV
EXITING SCRIPT WITH ERROR
------------------------------------

September 29, 2020, 7:27 pm : Array not full. Stopped at: FVSV
EXITING SCRIPT WITH ERROR
------------------------------------

September 30, 2020, 7:27 pm : Array not full. Stopped at: FVSV
EXITING SCRIPT WITH ERROR
------------------------------------

October 1, 2020, 7:27 pm : Array not full. Stopped at: FVSV
EXITING SCRIPT WITH ERROR
------------------------------------

October 2, 2020, 7:26 pm : Array not full. Stopped at: FVSV
EXITING SCRIPT WITH ERROR
------------------------------------

October 3, 2020, 7:26 pm : Array not full. Stopped at: FVSV
EXITING SCRIPT WITH ERROR
------------------------------------

October 4, 2020, 7:26 pm : Array not full. Stopped at: FVSV
EXITING SCRIPT WITH ERROR
------------------------------------

October 5, 2020, 7:26 pm : Array not full. Stopped at: FVSV
EXITING SCRIPT WITH ERROR
------------------------------------

October 6, 2020, 7:27 pm : Array not full. Stopped at: FVSV
EXITING SCRIPT WITH ERROR
------------------------------------

October 7, 2020, 7:27 pm : Array not full. Stopped at: FVSV
EXITING SCRIPT WITH ERROR
------------------------------------

October 8, 2020, 7:27 pm : Array not full. Stopped at: FVSV
EXITING SCRIPT WITH ERROR
------------------------------------

October 9, 2020, 7:34 pm : Array not full. Stopped at: FVSV
EXITING SCRIPT WITH ERROR
------------------------------------

October 10, 2020, 7:28 pm : Array not full. Stopped at: FVSV
EXITING SCRIPT WITH ERROR
------------------------------------

October 11, 2020, 7:28 pm : Array not full. Stopped at: FVSV
EXITING SCRIPT WITH ERROR
------------------------------------

October 12, 2020, 7:29 pm : Array not full. Stopped at: FVSV
EXITING SCRIPT WITH ERROR
------------------------------------

October 13, 2020, 7:29 pm : Array not full. Stopped at: FVSV
EXITING SCRIPT WITH ERROR
------------------------------------

October 14, 2020, 7:28 pm : Array not full. Stopped at: FVSV
EXITING SCRIPT WITH ERROR
------------------------------------

October 15, 2020, 7:26 pm : Array not full. Stopped at: FVSV
EXITING SCRIPT WITH ERROR
------------------------------------

October 16, 2020, 7:26 pm : Array not full. Stopped at: FVSV
EXITING SCRIPT WITH ERROR
------------------------------------

October 17, 2020, 7:26 pm : Array not full. Stopped at: FVSV
EXITING SCRIPT WITH ERROR
------------------------------------

October 18, 2020, 7:26 pm : Array not full. Stopped at: FVSV
EXITING SCRIPT WITH ERROR
------------------------------------

October 19, 2020, 7:26 pm : Array not full. Stopped at: FVSV
EXITING SCRIPT WITH ERROR
------------------------------------

October 20, 2020, 7:26 pm : Array not full. Stopped at: FVSV
EXITING SCRIPT WITH ERROR
------------------------------------

October 21, 2020, 7:26 pm : Array not full. Stopped at: FVSV
EXITING SCRIPT WITH ERROR
------------------------------------

October 22, 2020, 7:26 pm : Array not full. Stopped at: FVSV
EXITING SCRIPT WITH ERROR
------------------------------------

October 23, 2020, 7:26 pm : Array not full. Stopped at: FVSV
EXITING SCRIPT WITH ERROR
------------------------------------

October 24, 2020, 7:26 pm : Array not full. Stopped at: FVSV
EXITING SCRIPT WITH ERROR
------------------------------------

October 25, 2020, 7:27 pm : Array not full. Stopped at: FVSV
EXITING SCRIPT WITH ERROR
------------------------------------

October 26, 2020, 7:27 pm : Array not full. Stopped at: FVSV
EXITING SCRIPT WITH ERROR
------------------------------------

October 27, 2020, 7:27 pm : Array not full. Stopped at: FVSV
EXITING SCRIPT WITH ERROR
------------------------------------

October 28, 2020, 7:26 pm : Array not full. Stopped at: FVSV
EXITING SCRIPT WITH ERROR
------------------------------------

October 29, 2020, 7:27 pm : Array not full. Stopped at: FVSV
EXITING SCRIPT WITH ERROR
------------------------------------

October 30, 2020, 7:26 pm : Array not full. Stopped at: FVSV
EXITING SCRIPT WITH ERROR
------------------------------------

October 31, 2020, 7:26 pm : Array not full. Stopped at: FVSV
EXITING SCRIPT WITH ERROR
------------------------------------

November 1, 2020, 7:26 pm : Array not full. Stopped at: FVSV
EXITING SCRIPT WITH ERROR
------------------------------------

November 2, 2020, 7:26 pm : Array not full. Stopped at: FVSV
EXITING SCRIPT WITH ERROR
------------------------------------

November 3, 2020, 7:27 pm : Array not full. Stopped at: FVSV
EXITING SCRIPT WITH ERROR
------------------------------------

November 4, 2020, 7:27 pm : Array not full. Stopped at: FVSV
EXITING SCRIPT WITH ERROR
------------------------------------

November 5, 2020, 7:27 pm : Array not full. Stopped at: FVSV
EXITING SCRIPT WITH ERROR
------------------------------------

November 6, 2020, 7:27 pm : Array not full. Stopped at: FVSV
EXITING SCRIPT WITH ERROR
------------------------------------

November 7, 2020, 7:26 pm : Array not full. Stopped at: FVSV
EXITING SCRIPT WITH ERROR
------------------------------------

November 8, 2020, 7:26 pm : Array not full. Stopped at: FVSV
EXITING SCRIPT WITH ERROR
------------------------------------

November 9, 2020, 7:28 pm : Array not full. Stopped at: FVSV
EXITING SCRIPT WITH ERROR
------------------------------------

November 10, 2020, 7:26 pm : Array not full. Stopped at: FVSV
EXITING SCRIPT WITH ERROR
------------------------------------

November 11, 2020, 7:26 pm : Array not full. Stopped at: FVSV
EXITING SCRIPT WITH ERROR
------------------------------------

November 12, 2020, 7:26 pm : Array not full. Stopped at: FVSV
EXITING SCRIPT WITH ERROR
------------------------------------

November 13, 2020, 7:26 pm : Array not full. Stopped at: FVSV
EXITING SCRIPT WITH ERROR
------------------------------------

November 14, 2020, 7:26 pm : Array not full. Stopped at: FVSV
EXITING SCRIPT WITH ERROR
------------------------------------

November 15, 2020, 7:26 pm : Array not full. Stopped at: FVSV
EXITING SCRIPT WITH ERROR
------------------------------------

November 16, 2020, 7:26 pm : Array not full. Stopped at: FVSV
EXITING SCRIPT WITH ERROR
------------------------------------

November 17, 2020, 7:26 pm : Array not full. Stopped at: FVSV
EXITING SCRIPT WITH ERROR
------------------------------------

November 18, 2020, 7:26 pm : Array not full. Stopped at: FVSV
EXITING SCRIPT WITH ERROR
------------------------------------

November 19, 2020, 7:30 pm : Array not full. Stopped at: FVSV
EXITING SCRIPT WITH ERROR
------------------------------------

November 20, 2020, 7:27 pm : Array not full. Stopped at: FVSV
EXITING SCRIPT WITH ERROR
------------------------------------

November 21, 2020, 7:27 pm : Array not full. Stopped at: FVSV
EXITING SCRIPT WITH ERROR
------------------------------------

November 22, 2020, 7:27 pm : Array not full. Stopped at: FVSV
EXITING SCRIPT WITH ERROR
------------------------------------

November 23, 2020, 7:29 pm : Array not full. Stopped at: FVSV
EXITING SCRIPT WITH ERROR
------------------------------------

November 24, 2020, 7:30 pm : Array not full. Stopped at: FVSV
EXITING SCRIPT WITH ERROR
------------------------------------

November 25, 2020, 7:28 pm : Array not full. Stopped at: FVSV
EXITING SCRIPT WITH ERROR
------------------------------------

November 26, 2020, 7:26 pm : Array not full. Stopped at: FVSV
EXITING SCRIPT WITH ERROR
------------------------------------

November 27, 2020, 7:28 pm : Array not full. Stopped at: FVSV
EXITING SCRIPT WITH ERROR
------------------------------------

November 28, 2020, 7:27 pm : Array not full. Stopped at: FVSV
EXITING SCRIPT WITH ERROR
------------------------------------

November 29, 2020, 7:27 pm : Array not full. Stopped at: FVSV
EXITING SCRIPT WITH ERROR
------------------------------------

November 30, 2020, 7:27 pm : Array not full. Stopped at: FVSV
EXITING SCRIPT WITH ERROR
------------------------------------

December 1, 2020, 7:27 pm : Array not full. Stopped at: FVSV
EXITING SCRIPT WITH ERROR
------------------------------------

December 2, 2020, 7:27 pm : Array not full. Stopped at: FVSV
EXITING SCRIPT WITH ERROR
------------------------------------

December 3, 2020, 7:28 pm : Array not full. Stopped at: FVSV
EXITING SCRIPT WITH ERROR
------------------------------------

December 4, 2020, 7:26 pm : Array not full. Stopped at: FVSV
EXITING SCRIPT WITH ERROR
------------------------------------

December 5, 2020, 7:26 pm : Array not full. Stopped at: FVSV
EXITING SCRIPT WITH ERROR
------------------------------------

December 6, 2020, 7:26 pm : Array not full. Stopped at: FVSV
EXITING SCRIPT WITH ERROR
------------------------------------

December 7, 2020, 7:26 pm : Array not full. Stopped at: FVSV
EXITING SCRIPT WITH ERROR
------------------------------------

December 8, 2020, 7:27 pm : Array not full. Stopped at: FVSV
EXITING SCRIPT WITH ERROR
------------------------------------

December 9, 2020, 7:26 pm : Array not full. Stopped at: FVSV
EXITING SCRIPT WITH ERROR
------------------------------------

December 10, 2020, 7:26 pm : Array not full. Stopped at: FVSV
EXITING SCRIPT WITH ERROR
------------------------------------

December 11, 2020, 7:26 pm : Array not full. Stopped at: FVSV
EXITING SCRIPT WITH ERROR
------------------------------------

December 12, 2020, 7:26 pm : Array not full. Stopped at: FVSV
EXITING SCRIPT WITH ERROR
------------------------------------

December 13, 2020, 7:27 pm : Array not full. Stopped at: FVSV
EXITING SCRIPT WITH ERROR
------------------------------------

December 15, 2020, 7:26 pm : Array not full. Stopped at: FVSV
EXITING SCRIPT WITH ERROR
------------------------------------

December 16, 2020, 7:26 pm : Array not full. Stopped at: FVSV
EXITING SCRIPT WITH ERROR
------------------------------------

December 17, 2020, 7:26 pm : Array not full. Stopped at: FVSV
EXITING SCRIPT WITH ERROR
------------------------------------

December 18, 2020, 7:26 pm : Array not full. Stopped at: FVSV
EXITING SCRIPT WITH ERROR
------------------------------------

December 19, 2020, 7:26 pm : Array not full. Stopped at: FVSV
EXITING SCRIPT WITH ERROR
------------------------------------

December 20, 2020, 7:26 pm : Array not full. Stopped at: FVSV
EXITING SCRIPT WITH ERROR
------------------------------------

December 21, 2020, 7:26 pm : Array not full. Stopped at: FVSV
EXITING SCRIPT WITH ERROR
------------------------------------

December 22, 2020, 7:26 pm : Array not full. Stopped at: FVSV
EXITING SCRIPT WITH ERROR
------------------------------------

December 23, 2020, 7:26 pm : Array not full. Stopped at: FVSV
EXITING SCRIPT WITH ERROR
------------------------------------

December 24, 2020, 7:26 pm : Array not full. Stopped at: FVSV
EXITING SCRIPT WITH ERROR
------------------------------------

December 25, 2020, 7:26 pm : Array not full. Stopped at: FVSV
EXITING SCRIPT WITH ERROR
------------------------------------

December 26, 2020, 7:26 pm : Array not full. Stopped at: FVSV
EXITING SCRIPT WITH ERROR
------------------------------------

December 27, 2020, 7:26 pm : Array not full. Stopped at: FVSV
EXITING SCRIPT WITH ERROR
------------------------------------

December 28, 2020, 7:26 pm : Array not full. Stopped at: FVSV
EXITING SCRIPT WITH ERROR
------------------------------------

December 29, 2020, 7:26 pm : Array not full. Stopped at: FVSV
EXITING SCRIPT WITH ERROR
------------------------------------

December 30, 2020, 7:26 pm : Array not full. Stopped at: FVSV
EXITING SCRIPT WITH ERROR
------------------------------------

December 31, 2020, 7:26 pm : Array not full. Stopped at: FVSV
EXITING SCRIPT WITH ERROR
------------------------------------

January 1, 2021, 7:26 pm : Array not full. Stopped at: FVSV
EXITING SCRIPT WITH ERROR
------------------------------------

January 2, 2021, 7:26 pm : Array not full. Stopped at: FVSV
EXITING SCRIPT WITH ERROR
------------------------------------

January 3, 2021, 7:26 pm : Array not full. Stopped at: FVSV
EXITING SCRIPT WITH ERROR
------------------------------------

January 4, 2021, 7:26 pm : Array not full. Stopped at: FVSV
EXITING SCRIPT WITH ERROR
------------------------------------

January 5, 2021, 7:26 pm : Array not full. Stopped at: FVSV
EXITING SCRIPT WITH ERROR
------------------------------------

January 6, 2021, 7:26 pm : Array not full. Stopped at: FVSV
EXITING SCRIPT WITH ERROR
------------------------------------

January 7, 2021, 7:26 pm : Array not full. Stopped at: FVSV
EXITING SCRIPT WITH ERROR
------------------------------------

January 8, 2021, 7:27 pm : Array not full. Stopped at: FVSV
EXITING SCRIPT WITH ERROR
------------------------------------

January 9, 2021, 7:26 pm : Array not full. Stopped at: FVSV
EXITING SCRIPT WITH ERROR
------------------------------------

January 10, 2021, 7:27 pm : Array not full. Stopped at: FVSV
EXITING SCRIPT WITH ERROR
------------------------------------

January 11, 2021, 7:26 pm : Array not full. Stopped at: FVSV
EXITING SCRIPT WITH ERROR
------------------------------------

January 12, 2021, 7:26 pm : Array not full. Stopped at: FVSV
EXITING SCRIPT WITH ERROR
------------------------------------

January 13, 2021, 7:26 pm : Array not full. Stopped at: FVSV
EXITING SCRIPT WITH ERROR
------------------------------------

January 14, 2021, 7:26 pm : Array not full. Stopped at: FVSV
EXITING SCRIPT WITH ERROR
------------------------------------

January 15, 2021, 7:26 pm : Array not full. Stopped at: FVSV
EXITING SCRIPT WITH ERROR
------------------------------------

January 16, 2021, 7:26 pm : Array not full. Stopped at: FVSV
EXITING SCRIPT WITH ERROR
------------------------------------

January 17, 2021, 7:26 pm : Array not full. Stopped at: FVSV
EXITING SCRIPT WITH ERROR
------------------------------------

January 18, 2021, 7:26 pm : Array not full. Stopped at: FVSV
EXITING SCRIPT WITH ERROR
------------------------------------

January 19, 2021, 7:26 pm : Array not full. Stopped at: FVSV
EXITING SCRIPT WITH ERROR
------------------------------------

January 20, 2021, 7:27 pm : Array not full. Stopped at: FVSV
EXITING SCRIPT WITH ERROR
------------------------------------

January 21, 2021, 7:26 pm : Array not full. Stopped at: FVSV
EXITING SCRIPT WITH ERROR
------------------------------------

January 22, 2021, 7:26 pm : Array not full. Stopped at: FVSV
EXITING SCRIPT WITH ERROR
------------------------------------

January 23, 2021, 7:26 pm : Array not full. Stopped at: FVSV
EXITING SCRIPT WITH ERROR
------------------------------------

January 24, 2021, 7:26 pm : Array not full. Stopped at: FVSV
EXITING SCRIPT WITH ERROR
------------------------------------

January 25, 2021, 7:27 pm : Array not full. Stopped at: FVSV
EXITING SCRIPT WITH ERROR
------------------------------------

January 26, 2021, 7:26 pm : Array not full. Stopped at: FVSV
EXITING SCRIPT WITH ERROR
------------------------------------

January 27, 2021, 7:26 pm : Array not full. Stopped at: FVSV
EXITING SCRIPT WITH ERROR
------------------------------------

January 28, 2021, 7:26 pm : Array not full. Stopped at: FVSV
EXITING SCRIPT WITH ERROR
------------------------------------

January 29, 2021, 7:26 pm : Array not full. Stopped at: FVSV
EXITING SCRIPT WITH ERROR
------------------------------------

January 30, 2021, 7:26 pm : Array not full. Stopped at: FVSV
EXITING SCRIPT WITH ERROR
------------------------------------

January 31, 2021, 7:26 pm : Array not full. Stopped at: FVSV
EXITING SCRIPT WITH ERROR
------------------------------------

February 1, 2021, 7:26 pm : Array not full. Stopped at: FVSV
EXITING SCRIPT WITH ERROR
------------------------------------

February 2, 2021, 7:26 pm : Array not full. Stopped at: FVSV
EXITING SCRIPT WITH ERROR
------------------------------------

February 3, 2021, 7:43 pm : Array not full. Stopped at: FVSV
EXITING SCRIPT WITH ERROR
------------------------------------

February 4, 2021, 7:26 pm : Array not full. Stopped at: FVSV
EXITING SCRIPT WITH ERROR
------------------------------------

February 5, 2021, 7:34 pm : Array not full. Stopped at: FVSV
EXITING SCRIPT WITH ERROR
------------------------------------

February 6, 2021, 7:27 pm : Array not full. Stopped at: FVSV
EXITING SCRIPT WITH ERROR
------------------------------------

February 7, 2021, 7:26 pm : Array not full. Stopped at: FVSV
EXITING SCRIPT WITH ERROR
------------------------------------

February 8, 2021, 7:26 pm : Array not full. Stopped at: FVSV
EXITING SCRIPT WITH ERROR
------------------------------------

February 9, 2021, 7:26 pm : Array not full. Stopped at: FVSV
EXITING SCRIPT WITH ERROR
------------------------------------

February 10, 2021, 7:26 pm : Array not full. Stopped at: FVSV
EXITING SCRIPT WITH ERROR
------------------------------------

February 11, 2021, 7:27 pm : Array not full. Stopped at: FVSV
EXITING SCRIPT WITH ERROR
------------------------------------

February 12, 2021, 7:34 pm : Array not full. Stopped at: FVSV
EXITING SCRIPT WITH ERROR
------------------------------------

February 13, 2021, 7:26 pm : Array not full. Stopped at: FVSV
EXITING SCRIPT WITH ERROR
------------------------------------

February 14, 2021, 7:26 pm : Array not full. Stopped at: FVSV
EXITING SCRIPT WITH ERROR
------------------------------------

February 15, 2021, 7:44 pm : Array not full. Stopped at: FVSV
EXITING SCRIPT WITH ERROR
------------------------------------

February 16, 2021, 7:26 pm : Array not full. Stopped at: FVSV
EXITING SCRIPT WITH ERROR
------------------------------------

February 17, 2021, 7:38 pm : Array not full. Stopped at: FVSV
EXITING SCRIPT WITH ERROR
------------------------------------

February 18, 2021, 7:26 pm : Array not full. Stopped at: FVSV
EXITING SCRIPT WITH ERROR
------------------------------------

February 19, 2021, 7:27 pm : Array not full. Stopped at: FVSV
EXITING SCRIPT WITH ERROR
------------------------------------

February 20, 2021, 7:36 pm : Array not full. Stopped at: FVSV
EXITING SCRIPT WITH ERROR
------------------------------------

February 21, 2021, 7:26 pm : Array not full. Stopped at: FVSV
EXITING SCRIPT WITH ERROR
------------------------------------

February 22, 2021, 7:27 pm : Array not full. Stopped at: FVSV
EXITING SCRIPT WITH ERROR
------------------------------------

February 23, 2021, 7:26 pm : Array not full. Stopped at: FVSV
EXITING SCRIPT WITH ERROR
------------------------------------

February 24, 2021, 7:28 pm : Array not full. Stopped at: FVSV
EXITING SCRIPT WITH ERROR
------------------------------------

February 25, 2021, 7:43 pm : Array not full. Stopped at: OAGF
EXITING SCRIPT WITH ERROR
------------------------------------

February 26, 2021, 7:26 pm : Array not full. Stopped at: FVSV
EXITING SCRIPT WITH ERROR
------------------------------------

February 27, 2021, 7:28 pm : Array not full. Stopped at: FVSV
EXITING SCRIPT WITH ERROR
------------------------------------

February 28, 2021, 7:27 pm : Array not full. Stopped at: FVSV
EXITING SCRIPT WITH ERROR
------------------------------------

March 1, 2021, 7:27 pm : Array not full. Stopped at: FVSV
EXITING SCRIPT WITH ERROR
------------------------------------

March 2, 2021, 7:26 pm : Array not full. Stopped at: FVSV
EXITING SCRIPT WITH ERROR
------------------------------------

March 3, 2021, 7:31 pm : Array not full. Stopped at: FVSV
EXITING SCRIPT WITH ERROR
------------------------------------

March 4, 2021, 7:27 pm : Array not full. Stopped at: FVSV
EXITING SCRIPT WITH ERROR
------------------------------------

March 5, 2021, 7:27 pm : Array not full. Stopped at: FVSV
EXITING SCRIPT WITH ERROR
------------------------------------

March 6, 2021, 7:28 pm : Array not full. Stopped at: FVSV
EXITING SCRIPT WITH ERROR
------------------------------------

March 7, 2021, 7:27 pm : Array not full. Stopped at: FVSV
EXITING SCRIPT WITH ERROR
------------------------------------

March 8, 2021, 7:27 pm : Array not full. Stopped at: FVSV
EXITING SCRIPT WITH ERROR
------------------------------------

March 9, 2021, 7:27 pm : Array not full. Stopped at: FVSV
EXITING SCRIPT WITH ERROR
------------------------------------

March 10, 2021, 7:27 pm : Array not full. Stopped at: FVSV
EXITING SCRIPT WITH ERROR
------------------------------------

March 11, 2021, 7:32 pm : Array not full. Stopped at: FVSV
EXITING SCRIPT WITH ERROR
------------------------------------

March 12, 2021, 7:27 pm : Array not full. Stopped at: FVSV
EXITING SCRIPT WITH ERROR
------------------------------------

March 13, 2021, 7:27 pm : Array not full. Stopped at: FVSV
EXITING SCRIPT WITH ERROR
------------------------------------

March 14, 2021, 7:27 pm : Array not full. Stopped at: FVSV
EXITING SCRIPT WITH ERROR
------------------------------------

March 15, 2021, 7:26 pm : Array not full. Stopped at: FVSV
EXITING SCRIPT WITH ERROR
------------------------------------

March 16, 2021, 7:27 pm : Array not full. Stopped at: FVSV
EXITING SCRIPT WITH ERROR
------------------------------------

March 17, 2021, 7:27 pm : Array not full. Stopped at: FVSV
EXITING SCRIPT WITH ERROR
------------------------------------

March 18, 2021, 7:27 pm : Array not full. Stopped at: FVSV
EXITING SCRIPT WITH ERROR
------------------------------------

March 19, 2021, 7:27 pm : Array not full. Stopped at: FVSV
EXITING SCRIPT WITH ERROR
------------------------------------

March 20, 2021, 7:26 pm : Array not full. Stopped at: FVSV
EXITING SCRIPT WITH ERROR
------------------------------------

March 21, 2021, 7:27 pm : Array not full. Stopped at: FVSV
EXITING SCRIPT WITH ERROR
------------------------------------

March 22, 2021, 7:27 pm : Array not full. Stopped at: FVSV
EXITING SCRIPT WITH ERROR
------------------------------------

March 23, 2021, 7:27 pm : Array not full. Stopped at: FVSV
EXITING SCRIPT WITH ERROR
------------------------------------

March 24, 2021, 7:27 pm : Array not full. Stopped at: FVSV
EXITING SCRIPT WITH ERROR
------------------------------------

March 25, 2021, 7:27 pm : Array not full. Stopped at: FVSV
EXITING SCRIPT WITH ERROR
------------------------------------

March 26, 2021, 7:27 pm : Array not full. Stopped at: FVSV
EXITING SCRIPT WITH ERROR
------------------------------------

March 27, 2021, 7:26 pm : Array not full. Stopped at: FVSV
EXITING SCRIPT WITH ERROR
------------------------------------

March 28, 2021, 7:28 pm : Array not full. Stopped at: FVSV
EXITING SCRIPT WITH ERROR
------------------------------------

March 29, 2021, 7:27 pm : Array not full. Stopped at: FVSV
EXITING SCRIPT WITH ERROR
------------------------------------

March 30, 2021, 7:27 pm : Array not full. Stopped at: FVSV
EXITING SCRIPT WITH ERROR
------------------------------------

March 31, 2021, 7:27 pm : Array not full. Stopped at: FVSV
EXITING SCRIPT WITH ERROR
------------------------------------

April 1, 2021, 7:26 pm : Array not full. Stopped at: FVSV
EXITING SCRIPT WITH ERROR
------------------------------------

April 2, 2021, 7:26 pm : Array not full. Stopped at: FVSV
EXITING SCRIPT WITH ERROR
------------------------------------

April 3, 2021, 7:26 pm : Array not full. Stopped at: FVSV
EXITING SCRIPT WITH ERROR
------------------------------------

April 4, 2021, 7:27 pm : Array not full. Stopped at: FVSV
EXITING SCRIPT WITH ERROR
------------------------------------

April 5, 2021, 7:28 pm : Array not full. Stopped at: FVSV
EXITING SCRIPT WITH ERROR
------------------------------------

April 6, 2021, 7:26 pm : Array not full. Stopped at: FVSV
EXITING SCRIPT WITH ERROR
------------------------------------

April 7, 2021, 7:27 pm : Array not full. Stopped at: FVSV
EXITING SCRIPT WITH ERROR
------------------------------------

April 8, 2021, 7:27 pm : Array not full. Stopped at: FVSV
EXITING SCRIPT WITH ERROR
------------------------------------

April 9, 2021, 7:27 pm : Array not full. Stopped at: NVSL
EXITING SCRIPT WITH ERROR
------------------------------------

April 10, 2021, 7:26 pm : Array not full. Stopped at: FVSV
EXITING SCRIPT WITH ERROR
------------------------------------

April 11, 2021, 7:26 pm : Array not full. Stopped at: FVSV
EXITING SCRIPT WITH ERROR
------------------------------------

April 12, 2021, 7:27 pm : Array not full. Stopped at: FVSV
EXITING SCRIPT WITH ERROR
------------------------------------

April 13, 2021, 7:26 pm : Array not full. Stopped at: FVSV
EXITING SCRIPT WITH ERROR
------------------------------------

April 14, 2021, 7:26 pm : Array not full. Stopped at: FVSV
EXITING SCRIPT WITH ERROR
------------------------------------

April 15, 2021, 7:26 pm : Array not full. Stopped at: FVSV
EXITING SCRIPT WITH ERROR
------------------------------------

April 16, 2021, 7:26 pm : Array not full. Stopped at: FVSV
EXITING SCRIPT WITH ERROR
------------------------------------

April 17, 2021, 7:26 pm : Array not full. Stopped at: FVSV
EXITING SCRIPT WITH ERROR
------------------------------------

April 18, 2021, 7:26 pm : Array not full. Stopped at: FVSV
EXITING SCRIPT WITH ERROR
------------------------------------

April 19, 2021, 7:26 pm : Array not full. Stopped at: FVSV
EXITING SCRIPT WITH ERROR
------------------------------------

April 20, 2021, 7:26 pm : Array not full. Stopped at: NVSL
EXITING SCRIPT WITH ERROR
------------------------------------

April 21, 2021, 7:26 pm : Array not full. Stopped at: FVSV
EXITING SCRIPT WITH ERROR
------------------------------------

April 22, 2021, 7:27 pm : Array not full. Stopped at: FVSV
EXITING SCRIPT WITH ERROR
------------------------------------

April 23, 2021, 7:26 pm : Array not full. Stopped at: FVSV
EXITING SCRIPT WITH ERROR
------------------------------------

April 24, 2021, 7:26 pm : Array not full. Stopped at: FVSV
EXITING SCRIPT WITH ERROR
------------------------------------

April 25, 2021, 7:27 pm : Array not full. Stopped at: FVSV
EXITING SCRIPT WITH ERROR
------------------------------------

April 26, 2021, 7:26 pm : Array not full. Stopped at: FVSV
EXITING SCRIPT WITH ERROR
------------------------------------

April 27, 2021, 7:27 pm : Array not full. Stopped at: FVSV
EXITING SCRIPT WITH ERROR
------------------------------------

April 28, 2021, 7:26 pm : Array not full. Stopped at: FVSV
EXITING SCRIPT WITH ERROR
------------------------------------

April 29, 2021, 7:26 pm : Array not full. Stopped at: FVSV
EXITING SCRIPT WITH ERROR
------------------------------------

April 30, 2021, 7:26 pm : Array not full. Stopped at: FVSV
EXITING SCRIPT WITH ERROR
------------------------------------

May 1, 2021, 7:26 pm : Array not full. Stopped at: FVSV
EXITING SCRIPT WITH ERROR
------------------------------------

May 2, 2021, 7:26 pm : Array not full. Stopped at: FVSV
EXITING SCRIPT WITH ERROR
------------------------------------

May 3, 2021, 7:26 pm : Array not full. Stopped at: FVSV
EXITING SCRIPT WITH ERROR
------------------------------------

May 4, 2021, 7:26 pm : Array not full. Stopped at: FVSV
EXITING SCRIPT WITH ERROR
------------------------------------

May 5, 2021, 7:26 pm : Array not full. Stopped at: FVSV
EXITING SCRIPT WITH ERROR
------------------------------------

May 6, 2021, 7:26 pm : Array not full. Stopped at: FVSV
EXITING SCRIPT WITH ERROR
------------------------------------

May 7, 2021, 7:26 pm : Array not full. Stopped at: FVSV
EXITING SCRIPT WITH ERROR
------------------------------------

May 8, 2021, 7:26 pm : Array not full. Stopped at: FVSV
EXITING SCRIPT WITH ERROR
------------------------------------

May 9, 2021, 7:26 pm : Array not full. Stopped at: FVSV
EXITING SCRIPT WITH ERROR
------------------------------------

May 10, 2021, 7:26 pm : Array not full. Stopped at: FVSV
EXITING SCRIPT WITH ERROR
------------------------------------

May 11, 2021, 7:26 pm : Array not full. Stopped at: FVSV
EXITING SCRIPT WITH ERROR
------------------------------------

May 12, 2021, 7:26 pm : Array not full. Stopped at: FVSV
EXITING SCRIPT WITH ERROR
------------------------------------

May 13, 2021, 7:26 pm : Array not full. Stopped at: FVSV
EXITING SCRIPT WITH ERROR
------------------------------------

May 14, 2021, 7:26 pm : Array not full. Stopped at: FVSV
EXITING SCRIPT WITH ERROR
------------------------------------

May 15, 2021, 7:26 pm : Array not full. Stopped at: FVSV
EXITING SCRIPT WITH ERROR
------------------------------------

May 16, 2021, 7:26 pm : Array not full. Stopped at: FVSV
EXITING SCRIPT WITH ERROR
------------------------------------

May 17, 2021, 7:26 pm : Array not full. Stopped at: FVSV
EXITING SCRIPT WITH ERROR
------------------------------------

May 18, 2021, 7:27 pm : Array not full. Stopped at: FVSV
EXITING SCRIPT WITH ERROR
------------------------------------

May 19, 2021, 7:26 pm : Array not full. Stopped at: FVSV
EXITING SCRIPT WITH ERROR
------------------------------------

May 20, 2021, 7:26 pm : Array not full. Stopped at: FVSV
EXITING SCRIPT WITH ERROR
------------------------------------

May 21, 2021, 7:26 pm : Array not full. Stopped at: FVSV
EXITING SCRIPT WITH ERROR
------------------------------------

May 22, 2021, 7:26 pm : Array not full. Stopped at: FVSV
EXITING SCRIPT WITH ERROR
------------------------------------

May 23, 2021, 7:26 pm : Array not full. Stopped at: FVSV
EXITING SCRIPT WITH ERROR
------------------------------------

May 24, 2021, 7:27 pm : Array not full. Stopped at: FVSV
EXITING SCRIPT WITH ERROR
------------------------------------

May 25, 2021, 7:26 pm : Array not full. Stopped at: FVSV
EXITING SCRIPT WITH ERROR
------------------------------------

May 26, 2021, 7:26 pm : Array not full. Stopped at: FVSV
EXITING SCRIPT WITH ERROR
------------------------------------

May 27, 2021, 7:26 pm : Array not full. Stopped at: FVSV
EXITING SCRIPT WITH ERROR
------------------------------------

May 28, 2021, 7:26 pm : Array not full. Stopped at: FVSV
EXITING SCRIPT WITH ERROR
------------------------------------

May 29, 2021, 7:26 pm : Array not full. Stopped at: FVSV
EXITING SCRIPT WITH ERROR
------------------------------------

May 30, 2021, 7:26 pm : Array not full. Stopped at: FVSV
EXITING SCRIPT WITH ERROR
------------------------------------

May 31, 2021, 7:26 pm : Array not full. Stopped at: FVSV
EXITING SCRIPT WITH ERROR
------------------------------------

June 1, 2021, 7:26 pm : Array not full. Stopped at: FVSV
EXITING SCRIPT WITH ERROR
------------------------------------

June 2, 2021, 7:27 pm : Array not full. Stopped at: FVSV
EXITING SCRIPT WITH ERROR
------------------------------------

June 3, 2021, 7:26 pm : Array not full. Stopped at: FVSV
EXITING SCRIPT WITH ERROR
------------------------------------

June 4, 2021, 7:26 pm : Array not full. Stopped at: FVSV
EXITING SCRIPT WITH ERROR
------------------------------------

June 5, 2021, 7:26 pm : Array not full. Stopped at: FVSV
EXITING SCRIPT WITH ERROR
------------------------------------

June 6, 2021, 7:27 pm : Array not full. Stopped at: FVSV
EXITING SCRIPT WITH ERROR
------------------------------------

June 7, 2021, 7:28 pm : Array not full. Stopped at: FVSV
EXITING SCRIPT WITH ERROR
------------------------------------

June 8, 2021, 7:27 pm : Array not full. Stopped at: FVSV
EXITING SCRIPT WITH ERROR
------------------------------------

June 9, 2021, 7:27 pm : Array not full. Stopped at: FVSV
EXITING SCRIPT WITH ERROR
------------------------------------

June 10, 2021, 7:27 pm : Array not full. Stopped at: FVSV
EXITING SCRIPT WITH ERROR
------------------------------------

June 11, 2021, 7:26 pm : Array not full. Stopped at: FVSV
EXITING SCRIPT WITH ERROR
------------------------------------

June 12, 2021, 7:27 pm : Array not full. Stopped at: FVSV
EXITING SCRIPT WITH ERROR
------------------------------------

June 13, 2021, 7:27 pm : Array not full. Stopped at: FVSV
EXITING SCRIPT WITH ERROR
------------------------------------

June 14, 2021, 7:26 pm : Array not full. Stopped at: FVSV
EXITING SCRIPT WITH ERROR
------------------------------------

June 15, 2021, 7:27 pm : Array not full. Stopped at: FVSV
EXITING SCRIPT WITH ERROR
------------------------------------

June 16, 2021, 7:27 pm : Array not full. Stopped at: FVSV
EXITING SCRIPT WITH ERROR
------------------------------------

June 17, 2021, 7:26 pm : Array not full. Stopped at: FVSV
EXITING SCRIPT WITH ERROR
------------------------------------

June 18, 2021, 7:27 pm : Array not full. Stopped at: FVSV
EXITING SCRIPT WITH ERROR
------------------------------------

June 19, 2021, 7:26 pm : Array not full. Stopped at: FVSV
EXITING SCRIPT WITH ERROR
------------------------------------

June 20, 2021, 7:27 pm : Array not full. Stopped at: FVSV
EXITING SCRIPT WITH ERROR
------------------------------------

June 21, 2021, 7:27 pm : Array not full. Stopped at: FVSV
EXITING SCRIPT WITH ERROR
------------------------------------

June 22, 2021, 7:27 pm : Array not full. Stopped at: FVSV
EXITING SCRIPT WITH ERROR
------------------------------------

June 23, 2021, 7:27 pm : Array not full. Stopped at: FVSV
EXITING SCRIPT WITH ERROR
------------------------------------

June 24, 2021, 7:29 pm : Array not full. Stopped at: FVSV
EXITING SCRIPT WITH ERROR
------------------------------------

June 25, 2021, 7:29 pm : Array not full. Stopped at: FVSV
EXITING SCRIPT WITH ERROR
------------------------------------

June 26, 2021, 7:27 pm : Array not full. Stopped at: FVSV
EXITING SCRIPT WITH ERROR
------------------------------------

June 27, 2021, 7:30 pm : Array not full. Stopped at: FVSV
EXITING SCRIPT WITH ERROR
------------------------------------

June 28, 2021, 7:30 pm : Array not full. Stopped at: FVSV
EXITING SCRIPT WITH ERROR
------------------------------------

June 29, 2021, 7:27 pm : Array not full. Stopped at: FVSV
EXITING SCRIPT WITH ERROR
------------------------------------

June 30, 2021, 7:28 pm : Array not full. Stopped at: FVSV
EXITING SCRIPT WITH ERROR
------------------------------------

July 1, 2021, 7:27 pm : Array not full. Stopped at: FVSV
EXITING SCRIPT WITH ERROR
------------------------------------

July 2, 2021, 7:27 pm : Array not full. Stopped at: FVSV
EXITING SCRIPT WITH ERROR
------------------------------------

July 3, 2021, 7:26 pm : Array not full. Stopped at: FVSV
EXITING SCRIPT WITH ERROR
------------------------------------

July 4, 2021, 7:27 pm : Array not full. Stopped at: FVSV
EXITING SCRIPT WITH ERROR
------------------------------------

July 5, 2021, 7:27 pm : Array not full. Stopped at: FVSV
EXITING SCRIPT WITH ERROR
------------------------------------

July 6, 2021, 7:26 pm : Array not full. Stopped at: FVSV
EXITING SCRIPT WITH ERROR
------------------------------------

July 7, 2021, 7:27 pm : Array not full. Stopped at: FVSV
EXITING SCRIPT WITH ERROR
------------------------------------

July 8, 2021, 7:27 pm : Array not full. Stopped at: FVSV
EXITING SCRIPT WITH ERROR
------------------------------------

July 9, 2021, 7:27 pm : Array not full. Stopped at: FVSV
EXITING SCRIPT WITH ERROR
------------------------------------

July 10, 2021, 7:27 pm : Array not full. Stopped at: FVSV
EXITING SCRIPT WITH ERROR
------------------------------------

July 11, 2021, 7:27 pm : Array not full. Stopped at: FVSV
EXITING SCRIPT WITH ERROR
------------------------------------

July 12, 2021, 7:26 pm : Array not full. Stopped at: FVSV
EXITING SCRIPT WITH ERROR
------------------------------------

July 13, 2021, 7:26 pm : Array not full. Stopped at: FVSV
EXITING SCRIPT WITH ERROR
------------------------------------

July 14, 2021, 7:26 pm : Array not full. Stopped at: FVSV
EXITING SCRIPT WITH ERROR
------------------------------------

July 15, 2021, 7:27 pm : Array not full. Stopped at: FVSV
EXITING SCRIPT WITH ERROR
------------------------------------

July 16, 2021, 7:27 pm : Array not full. Stopped at: FVSV
EXITING SCRIPT WITH ERROR
------------------------------------

July 17, 2021, 7:26 pm : Array not full. Stopped at: FVSV
EXITING SCRIPT WITH ERROR
------------------------------------

July 18, 2021, 7:27 pm : Array not full. Stopped at: FVSV
EXITING SCRIPT WITH ERROR
------------------------------------

July 19, 2021, 7:27 pm : Array not full. Stopped at: FVSV
EXITING SCRIPT WITH ERROR
------------------------------------

July 20, 2021, 7:27 pm : Array not full. Stopped at: FVSV
EXITING SCRIPT WITH ERROR
------------------------------------

July 21, 2021, 7:27 pm : Array not full. Stopped at: FVSV
EXITING SCRIPT WITH ERROR
------------------------------------

July 22, 2021, 7:27 pm : Array not full. Stopped at: FVSV
EXITING SCRIPT WITH ERROR
------------------------------------

July 23, 2021, 7:27 pm : Array not full. Stopped at: FVSV
EXITING SCRIPT WITH ERROR
------------------------------------

July 24, 2021, 7:27 pm : Array not full. Stopped at: FVSV
EXITING SCRIPT WITH ERROR
------------------------------------

July 25, 2021, 7:27 pm : Array not full. Stopped at: FVSV
EXITING SCRIPT WITH ERROR
------------------------------------

July 26, 2021, 7:26 pm : Array not full. Stopped at: HERO
EXITING SCRIPT WITH ERROR
------------------------------------

July 27, 2021, 7:27 pm : Array not full. Stopped at: FVSV
EXITING SCRIPT WITH ERROR
------------------------------------

July 28, 2021, 7:27 pm : Array not full. Stopped at: FVSV
EXITING SCRIPT WITH ERROR
------------------------------------

July 29, 2021, 7:27 pm : Array not full. Stopped at: FVSV
EXITING SCRIPT WITH ERROR
------------------------------------

July 30, 2021, 7:27 pm : Array not full. Stopped at: FVSV
EXITING SCRIPT WITH ERROR
------------------------------------

July 31, 2021, 7:26 pm : Array not full. Stopped at: FVSV
EXITING SCRIPT WITH ERROR
------------------------------------

August 1, 2021, 7:26 pm : Array not full. Stopped at: FVSV
EXITING SCRIPT WITH ERROR
------------------------------------

August 2, 2021, 7:26 pm : Array not full. Stopped at: FVSV
EXITING SCRIPT WITH ERROR
------------------------------------

August 3, 2021, 7:26 pm : Array not full. Stopped at: FVSV
EXITING SCRIPT WITH ERROR
------------------------------------

August 4, 2021, 7:26 pm : Array not full. Stopped at: FVSV
EXITING SCRIPT WITH ERROR
------------------------------------

August 5, 2021, 7:27 pm : Array not full. Stopped at: FVSV
EXITING SCRIPT WITH ERROR
------------------------------------

August 6, 2021, 7:27 pm : Array not full. Stopped at: FVSV
EXITING SCRIPT WITH ERROR
------------------------------------

August 7, 2021, 7:26 pm : Array not full. Stopped at: FVSV
EXITING SCRIPT WITH ERROR
------------------------------------

August 8, 2021, 7:27 pm : Array not full. Stopped at: FVSV
EXITING SCRIPT WITH ERROR
------------------------------------

August 9, 2021, 7:27 pm : Array not full. Stopped at: FVSV
EXITING SCRIPT WITH ERROR
------------------------------------

August 10, 2021, 7:27 pm : Array not full. Stopped at: FVSV
EXITING SCRIPT WITH ERROR
------------------------------------

August 11, 2021, 7:26 pm : Array not full. Stopped at: FVSV
EXITING SCRIPT WITH ERROR
------------------------------------

August 12, 2021, 7:27 pm : Array not full. Stopped at: FVSV
EXITING SCRIPT WITH ERROR
------------------------------------

August 13, 2021, 7:27 pm : Array not full. Stopped at: HERO
EXITING SCRIPT WITH ERROR
------------------------------------

August 14, 2021, 7:27 pm : Array not full. Stopped at: FVSV
EXITING SCRIPT WITH ERROR
------------------------------------

August 15, 2021, 7:27 pm : Array not full. Stopped at: FVSV
EXITING SCRIPT WITH ERROR
------------------------------------

August 16, 2021, 7:26 pm : Array not full. Stopped at: FVSV
EXITING SCRIPT WITH ERROR
------------------------------------

August 17, 2021, 7:27 pm : Array not full. Stopped at: FVSV
EXITING SCRIPT WITH ERROR
------------------------------------

August 18, 2021, 7:26 pm : Array not full. Stopped at: FVSV
EXITING SCRIPT WITH ERROR
------------------------------------

August 19, 2021, 7:27 pm : Array not full. Stopped at: FVSV
EXITING SCRIPT WITH ERROR
------------------------------------

August 20, 2021, 7:27 pm : Array not full. Stopped at: FVSV
EXITING SCRIPT WITH ERROR
------------------------------------

August 21, 2021, 7:26 pm : Array not full. Stopped at: FVSV
EXITING SCRIPT WITH ERROR
------------------------------------

August 22, 2021, 7:26 pm : Array not full. Stopped at: FVSV
EXITING SCRIPT WITH ERROR
------------------------------------

August 23, 2021, 7:26 pm : Array not full. Stopped at: FVSV
EXITING SCRIPT WITH ERROR
------------------------------------

August 24, 2021, 7:27 pm : Array not full. Stopped at: FVSV
EXITING SCRIPT WITH ERROR
------------------------------------

August 25, 2021, 7:26 pm : Array not full. Stopped at: FVSV
EXITING SCRIPT WITH ERROR
------------------------------------

August 26, 2021, 7:27 pm : Array not full. Stopped at: FVSV
EXITING SCRIPT WITH ERROR
------------------------------------

August 27, 2021, 7:26 pm : Array not full. Stopped at: FVSV
EXITING SCRIPT WITH ERROR
------------------------------------

August 28, 2021, 7:32 pm : Array not full. Stopped at: FVSV
EXITING SCRIPT WITH ERROR
------------------------------------

August 29, 2021, 7:27 pm : Array not full. Stopped at: FVSV
EXITING SCRIPT WITH ERROR
------------------------------------

August 30, 2021, 7:27 pm : Array not full. Stopped at: FVSV
EXITING SCRIPT WITH ERROR
------------------------------------

August 31, 2021, 7:27 pm : Array not full. Stopped at: FVSV
EXITING SCRIPT WITH ERROR
------------------------------------

September 1, 2021, 7:28 pm : Array not full. Stopped at: FVSV
EXITING SCRIPT WITH ERROR
------------------------------------

September 2, 2021, 7:27 pm : Array not full. Stopped at: FVSV
EXITING SCRIPT WITH ERROR
------------------------------------

September 3, 2021, 7:27 pm : Array not full. Stopped at: FVSV
EXITING SCRIPT WITH ERROR
------------------------------------

September 4, 2021, 7:26 pm : Array not full. Stopped at: FVSV
EXITING SCRIPT WITH ERROR
------------------------------------

September 5, 2021, 7:27 pm : Array not full. Stopped at: FVSV
EXITING SCRIPT WITH ERROR
------------------------------------

September 6, 2021, 7:26 pm : Array not full. Stopped at: FVSV
EXITING SCRIPT WITH ERROR
------------------------------------

September 7, 2021, 7:26 pm : Array not full. Stopped at: FVSV
EXITING SCRIPT WITH ERROR
------------------------------------

September 8, 2021, 7:27 pm : Array not full. Stopped at: FVSV
EXITING SCRIPT WITH ERROR
------------------------------------

September 9, 2021, 7:27 pm : Array not full. Stopped at: FVSV
EXITING SCRIPT WITH ERROR
------------------------------------

September 10, 2021, 7:28 pm : Array not full. Stopped at: PEPE
EXITING SCRIPT WITH ERROR
------------------------------------

September 11, 2021, 7:27 pm : Array not full. Stopped at: HERO
EXITING SCRIPT WITH ERROR
------------------------------------

September 12, 2021, 7:27 pm : Array not full. Stopped at: HERO
EXITING SCRIPT WITH ERROR
------------------------------------

September 13, 2021, 7:26 pm : Array not full. Stopped at: FVSV
EXITING SCRIPT WITH ERROR
------------------------------------

September 14, 2021, 7:27 pm : Array not full. Stopped at: FVSV
EXITING SCRIPT WITH ERROR
------------------------------------

September 15, 2021, 7:27 pm : Array not full. Stopped at: HERO
EXITING SCRIPT WITH ERROR
------------------------------------

September 16, 2021, 7:27 pm : Array not full. Stopped at: FVSV
EXITING SCRIPT WITH ERROR
------------------------------------

September 17, 2021, 7:26 pm : Array not full. Stopped at: HERO
EXITING SCRIPT WITH ERROR
------------------------------------

September 18, 2021, 7:28 pm : Array not full. Stopped at: FVSV
EXITING SCRIPT WITH ERROR
------------------------------------

September 19, 2021, 7:27 pm : Array not full. Stopped at: FVSV
EXITING SCRIPT WITH ERROR
------------------------------------

September 20, 2021, 7:26 pm : Array not full. Stopped at: FVSV
EXITING SCRIPT WITH ERROR
------------------------------------

September 21, 2021, 7:27 pm : Array not full. Stopped at: FVSV
EXITING SCRIPT WITH ERROR
------------------------------------

September 22, 2021, 7:27 pm : Array not full. Stopped at: FVSV
EXITING SCRIPT WITH ERROR
------------------------------------

September 23, 2021, 7:27 pm : Array not full. Stopped at: FVSV
EXITING SCRIPT WITH ERROR
------------------------------------

September 24, 2021, 7:27 pm : Array not full. Stopped at: FVSV
EXITING SCRIPT WITH ERROR
------------------------------------

September 25, 2021, 7:27 pm : Array not full. Stopped at: FVSV
EXITING SCRIPT WITH ERROR
------------------------------------

September 26, 2021, 7:27 pm : Array not full. Stopped at: FVSV
EXITING SCRIPT WITH ERROR
------------------------------------

September 27, 2021, 7:26 pm : Array not full. Stopped at: FVSV
EXITING SCRIPT WITH ERROR
------------------------------------

September 28, 2021, 7:27 pm : Array not full. Stopped at: FVSV
EXITING SCRIPT WITH ERROR
------------------------------------

September 29, 2021, 7:27 pm : Array not full. Stopped at: FVSV
EXITING SCRIPT WITH ERROR
------------------------------------

September 30, 2021, 7:27 pm : Array not full. Stopped at: FVSV
EXITING SCRIPT WITH ERROR
------------------------------------

October 1, 2021, 7:26 pm : Array not full. Stopped at: FVSV
EXITING SCRIPT WITH ERROR
------------------------------------

October 2, 2021, 7:26 pm : Array not full. Stopped at: FVSV
EXITING SCRIPT WITH ERROR
------------------------------------

October 3, 2021, 7:26 pm : Array not full. Stopped at: FVSV
EXITING SCRIPT WITH ERROR
------------------------------------

October 4, 2021, 7:26 pm : Array not full. Stopped at: FVSV
EXITING SCRIPT WITH ERROR
------------------------------------

October 5, 2021, 7:26 pm : Array not full. Stopped at: FVSV
EXITING SCRIPT WITH ERROR
------------------------------------

October 6, 2021, 7:26 pm : Array not full. Stopped at: FVSV
EXITING SCRIPT WITH ERROR
------------------------------------

October 7, 2021, 7:27 pm : Array not full. Stopped at: FVSV
EXITING SCRIPT WITH ERROR
------------------------------------

October 8, 2021, 7:27 pm : Array not full. Stopped at: FVSV
EXITING SCRIPT WITH ERROR
------------------------------------

October 9, 2021, 7:27 pm : Array not full. Stopped at: FVSV
EXITING SCRIPT WITH ERROR
------------------------------------

October 10, 2021, 7:26 pm : Array not full. Stopped at: FVSV
EXITING SCRIPT WITH ERROR
------------------------------------

October 11, 2021, 7:26 pm : Array not full. Stopped at: FVSV
EXITING SCRIPT WITH ERROR
------------------------------------

October 12, 2021, 7:27 pm : Array not full. Stopped at: FVSV
EXITING SCRIPT WITH ERROR
------------------------------------

October 13, 2021, 7:26 pm : Array not full. Stopped at: FVSV
EXITING SCRIPT WITH ERROR
------------------------------------

October 14, 2021, 7:27 pm : Array not full. Stopped at: FVSV
EXITING SCRIPT WITH ERROR
------------------------------------

October 15, 2021, 7:27 pm : Array not full. Stopped at: FVSV
EXITING SCRIPT WITH ERROR
------------------------------------

October 16, 2021, 7:27 pm : Array not full. Stopped at: FVSV
EXITING SCRIPT WITH ERROR
------------------------------------

October 17, 2021, 7:27 pm : Array not full. Stopped at: FVSV
EXITING SCRIPT WITH ERROR
------------------------------------

October 18, 2021, 7:26 pm : Array not full. Stopped at: HERO
EXITING SCRIPT WITH ERROR
------------------------------------

October 19, 2021, 7:27 pm : Array not full. Stopped at: FVSV
EXITING SCRIPT WITH ERROR
------------------------------------

October 20, 2021, 7:27 pm : Array not full. Stopped at: FVSV
EXITING SCRIPT WITH ERROR
------------------------------------

October 21, 2021, 7:27 pm : Array not full. Stopped at: HERO
EXITING SCRIPT WITH ERROR
------------------------------------

October 22, 2021, 7:27 pm : Array not full. Stopped at: FVSV
EXITING SCRIPT WITH ERROR
------------------------------------

October 23, 2021, 7:27 pm : Array not full. Stopped at: FVSV
EXITING SCRIPT WITH ERROR
------------------------------------

October 24, 2021, 7:27 pm : Array not full. Stopped at: HERO
EXITING SCRIPT WITH ERROR
------------------------------------

October 25, 2021, 7:27 pm : Array not full. Stopped at: FVSV
EXITING SCRIPT WITH ERROR
------------------------------------

October 26, 2021, 7:27 pm : Array not full. Stopped at: HERO
EXITING SCRIPT WITH ERROR
------------------------------------

October 27, 2021, 7:26 pm : Array not full. Stopped at: FVSV
EXITING SCRIPT WITH ERROR
------------------------------------

October 28, 2021, 7:26 pm : Array not full. Stopped at: FVSV
EXITING SCRIPT WITH ERROR
------------------------------------

October 29, 2021, 7:27 pm : Array not full. Stopped at: FVSV
EXITING SCRIPT WITH ERROR
------------------------------------

October 30, 2021, 7:27 pm : Array not full. Stopped at: HERO
EXITING SCRIPT WITH ERROR
------------------------------------

October 31, 2021, 7:27 pm : Array not full. Stopped at: FVSV
EXITING SCRIPT WITH ERROR
------------------------------------

November 1, 2021, 7:26 pm : Array not full. Stopped at: FVSV
EXITING SCRIPT WITH ERROR
------------------------------------

November 2, 2021, 7:27 pm : Array not full. Stopped at: FVSV
EXITING SCRIPT WITH ERROR
------------------------------------

November 3, 2021, 7:27 pm : Array not full. Stopped at: FVSV
EXITING SCRIPT WITH ERROR
------------------------------------

November 4, 2021, 7:27 pm : Array not full. Stopped at: HERO
EXITING SCRIPT WITH ERROR
------------------------------------

November 5, 2021, 7:27 pm : Array not full. Stopped at: HERO
EXITING SCRIPT WITH ERROR
------------------------------------

November 6, 2021, 7:27 pm : Array not full. Stopped at: FVSV
EXITING SCRIPT WITH ERROR
------------------------------------

November 7, 2021, 7:27 pm : Array not full. Stopped at: HERO
EXITING SCRIPT WITH ERROR
------------------------------------

November 8, 2021, 7:26 pm : Array not full. Stopped at: FVSV
EXITING SCRIPT WITH ERROR
------------------------------------

November 9, 2021, 7:27 pm : Array not full. Stopped at: HERO
EXITING SCRIPT WITH ERROR
------------------------------------

November 10, 2021, 7:27 pm : Array not full. Stopped at: FVSV
EXITING SCRIPT WITH ERROR
------------------------------------

November 11, 2021, 7:27 pm : Array not full. Stopped at: FVSV
EXITING SCRIPT WITH ERROR
------------------------------------

November 12, 2021, 7:27 pm : Array not full. Stopped at: FVSV
EXITING SCRIPT WITH ERROR
------------------------------------

November 13, 2021, 7:27 pm : Array not full. Stopped at: FVSV
EXITING SCRIPT WITH ERROR
------------------------------------

November 14, 2021, 7:27 pm : Array not full. Stopped at: FVSV
EXITING SCRIPT WITH ERROR
------------------------------------

November 15, 2021, 7:27 pm : Array not full. Stopped at: FVSV
EXITING SCRIPT WITH ERROR
------------------------------------

November 16, 2021, 7:27 pm : Array not full. Stopped at: FVSV
EXITING SCRIPT WITH ERROR
------------------------------------

November 17, 2021, 7:27 pm : Array not full. Stopped at: FVSV
EXITING SCRIPT WITH ERROR
------------------------------------

November 18, 2021, 7:27 pm : Array not full. Stopped at: FVSV
EXITING SCRIPT WITH ERROR
------------------------------------

November 19, 2021, 7:27 pm : Array not full. Stopped at: HERO
EXITING SCRIPT WITH ERROR
------------------------------------

November 20, 2021, 7:27 pm : Array not full. Stopped at: FVSV
EXITING SCRIPT WITH ERROR
------------------------------------

November 21, 2021, 7:27 pm : Array not full. Stopped at: FVSV
EXITING SCRIPT WITH ERROR
------------------------------------

November 22, 2021, 7:26 pm : Array not full. Stopped at: FVSV
EXITING SCRIPT WITH ERROR
------------------------------------

November 23, 2021, 7:27 pm : Array not full. Stopped at: HERO
EXITING SCRIPT WITH ERROR
------------------------------------

November 24, 2021, 7:26 pm : Array not full. Stopped at: FVSV
EXITING SCRIPT WITH ERROR
------------------------------------

November 25, 2021, 7:26 pm : Array not full. Stopped at: FVSV
EXITING SCRIPT WITH ERROR
------------------------------------

November 26, 2021, 7:27 pm : Array not full. Stopped at: HERO
EXITING SCRIPT WITH ERROR
------------------------------------

November 27, 2021, 7:26 pm : Array not full. Stopped at: FVSV
EXITING SCRIPT WITH ERROR
------------------------------------

November 28, 2021, 7:27 pm : Array not full. Stopped at: FVSV
EXITING SCRIPT WITH ERROR
------------------------------------

November 29, 2021, 7:27 pm : Array not full. Stopped at: FVSV
EXITING SCRIPT WITH ERROR
------------------------------------

November 30, 2021, 7:27 pm : Array not full. Stopped at: FVSV
EXITING SCRIPT WITH ERROR
------------------------------------

December 1, 2021, 7:27 pm : Array not full. Stopped at: FVSV
EXITING SCRIPT WITH ERROR
------------------------------------

December 2, 2021, 7:26 pm : Array not full. Stopped at: FVSV
EXITING SCRIPT WITH ERROR
------------------------------------

December 3, 2021, 7:26 pm : Array not full. Stopped at: FVSV
EXITING SCRIPT WITH ERROR
------------------------------------

December 4, 2021, 7:27 pm : Array not full. Stopped at: FVSV
EXITING SCRIPT WITH ERROR
------------------------------------

December 5, 2021, 7:27 pm : Array not full. Stopped at: FVSV
EXITING SCRIPT WITH ERROR
------------------------------------

December 6, 2021, 7:26 pm : Array not full. Stopped at: FVSV
EXITING SCRIPT WITH ERROR
------------------------------------

December 7, 2021, 7:27 pm : Array not full. Stopped at: FVSV
EXITING SCRIPT WITH ERROR
------------------------------------

December 8, 2021, 7:27 pm : Array not full. Stopped at: FVSV
EXITING SCRIPT WITH ERROR
------------------------------------

December 9, 2021, 7:27 pm : Array not full. Stopped at: FVSV
EXITING SCRIPT WITH ERROR
------------------------------------

December 10, 2021, 7:27 pm : Array not full. Stopped at: FVSV
EXITING SCRIPT WITH ERROR
------------------------------------

December 11, 2021, 7:27 pm : Array not full. Stopped at: FVSV
EXITING SCRIPT WITH ERROR
------------------------------------

December 12, 2021, 7:27 pm : Array not full. Stopped at: FVSV
EXITING SCRIPT WITH ERROR
------------------------------------

December 13, 2021, 7:26 pm : Array not full. Stopped at: FVSV
EXITING SCRIPT WITH ERROR
------------------------------------

December 14, 2021, 7:27 pm : Array not full. Stopped at: FVSV
EXITING SCRIPT WITH ERROR
------------------------------------

December 15, 2021, 7:27 pm : Array not full. Stopped at: FVSV
EXITING SCRIPT WITH ERROR
------------------------------------

December 16, 2021, 7:27 pm : Array not full. Stopped at: FVSV
EXITING SCRIPT WITH ERROR
------------------------------------

December 17, 2021, 7:27 pm : Array not full. Stopped at: FVSV
EXITING SCRIPT WITH ERROR
------------------------------------

December 18, 2021, 7:27 pm : Array not full. Stopped at: FVSV
EXITING SCRIPT WITH ERROR
------------------------------------

December 19, 2021, 7:27 pm : Array not full. Stopped at: FVSV
EXITING SCRIPT WITH ERROR
------------------------------------

December 20, 2021, 7:26 pm : Array not full. Stopped at: FVSV
EXITING SCRIPT WITH ERROR
------------------------------------

December 21, 2021, 7:26 pm : Array not full. Stopped at: FVSV
EXITING SCRIPT WITH ERROR
------------------------------------

December 22, 2021, 7:27 pm : Array not full. Stopped at: FVSV
EXITING SCRIPT WITH ERROR
------------------------------------

December 23, 2021, 7:27 pm : Array not full. Stopped at: FVSV
EXITING SCRIPT WITH ERROR
------------------------------------

December 24, 2021, 7:27 pm : Array not full. Stopped at: FVSV
EXITING SCRIPT WITH ERROR
------------------------------------

December 25, 2021, 7:27 pm : Array not full. Stopped at: FVSV
EXITING SCRIPT WITH ERROR
------------------------------------

December 26, 2021, 7:27 pm : Array not full. Stopped at: FVSV
EXITING SCRIPT WITH ERROR
------------------------------------

December 27, 2021, 7:26 pm : Array not full. Stopped at: FVSV
EXITING SCRIPT WITH ERROR
------------------------------------

December 28, 2021, 7:27 pm : Array not full. Stopped at: FVSV
EXITING SCRIPT WITH ERROR
------------------------------------

December 29, 2021, 7:26 pm : Array not full. Stopped at: FVSV
EXITING SCRIPT WITH ERROR
------------------------------------

December 30, 2021, 7:27 pm : Array not full. Stopped at: FVSV
EXITING SCRIPT WITH ERROR
------------------------------------

December 31, 2021, 7:27 pm : Array not full. Stopped at: FVSV
EXITING SCRIPT WITH ERROR
------------------------------------

January 1, 2022, 7:27 pm : Array not full. Stopped at: FVSV
EXITING SCRIPT WITH ERROR
------------------------------------

January 2, 2022, 7:26 pm : Array not full. Stopped at: FVSV
EXITING SCRIPT WITH ERROR
------------------------------------

January 3, 2022, 7:26 pm : Array not full. Stopped at: FVSV
EXITING SCRIPT WITH ERROR
------------------------------------

January 4, 2022, 7:27 pm : Array not full. Stopped at: FVSV
EXITING SCRIPT WITH ERROR
------------------------------------

January 5, 2022, 7:27 pm : Array not full. Stopped at: FVSV
EXITING SCRIPT WITH ERROR
------------------------------------

January 6, 2022, 7:27 pm : Array not full. Stopped at: FVSV
EXITING SCRIPT WITH ERROR
------------------------------------

January 7, 2022, 7:27 pm : Array not full. Stopped at: FVSV
EXITING SCRIPT WITH ERROR
------------------------------------

January 8, 2022, 7:27 pm : Array not full. Stopped at: FVSV
EXITING SCRIPT WITH ERROR
------------------------------------

January 9, 2022, 7:27 pm : Array not full. Stopped at: FVSV
EXITING SCRIPT WITH ERROR
------------------------------------

January 10, 2022, 7:26 pm : Array not full. Stopped at: FVSV
EXITING SCRIPT WITH ERROR
------------------------------------

January 11, 2022, 7:26 pm : Array not full. Stopped at: FVSV
EXITING SCRIPT WITH ERROR
------------------------------------

January 12, 2022, 7:27 pm : Array not full. Stopped at: FVSV
EXITING SCRIPT WITH ERROR
------------------------------------

January 13, 2022, 7:27 pm : Array not full. Stopped at: FVSV
EXITING SCRIPT WITH ERROR
------------------------------------

January 14, 2022, 7:27 pm : Array not full. Stopped at: FVSV
EXITING SCRIPT WITH ERROR
------------------------------------

January 15, 2022, 7:26 pm : Array not full. Stopped at: FVSV
EXITING SCRIPT WITH ERROR
------------------------------------

January 16, 2022, 7:27 pm : Array not full. Stopped at: FVSV
EXITING SCRIPT WITH ERROR
------------------------------------

January 17, 2022, 7:27 pm : Array not full. Stopped at: FVSV
EXITING SCRIPT WITH ERROR
------------------------------------

January 18, 2022, 7:27 pm : Array not full. Stopped at: FVSV
EXITING SCRIPT WITH ERROR
------------------------------------

January 19, 2022, 7:26 pm : Array not full. Stopped at: FVSV
EXITING SCRIPT WITH ERROR
------------------------------------

January 20, 2022, 7:27 pm : Array not full. Stopped at: FVSV
EXITING SCRIPT WITH ERROR
------------------------------------

January 21, 2022, 7:27 pm : Array not full. Stopped at: FVSV
EXITING SCRIPT WITH ERROR
------------------------------------

January 22, 2022, 7:27 pm : Array not full. Stopped at: FVSV
EXITING SCRIPT WITH ERROR
------------------------------------

January 23, 2022, 7:26 pm : Array not full. Stopped at: FVSV
EXITING SCRIPT WITH ERROR
------------------------------------

January 24, 2022, 7:26 pm : Array not full. Stopped at: FVSV
EXITING SCRIPT WITH ERROR
------------------------------------

January 25, 2022, 7:27 pm : Array not full. Stopped at: FVSV
EXITING SCRIPT WITH ERROR
------------------------------------

January 26, 2022, 7:27 pm : Array not full. Stopped at: FVSV
EXITING SCRIPT WITH ERROR
------------------------------------

January 27, 2022, 7:27 pm : Array not full. Stopped at: FVSV
EXITING SCRIPT WITH ERROR
------------------------------------

January 28, 2022, 7:27 pm : Array not full. Stopped at: FVSV
EXITING SCRIPT WITH ERROR
------------------------------------

January 29, 2022, 7:27 pm : Array not full. Stopped at: FVSV
EXITING SCRIPT WITH ERROR
------------------------------------

January 30, 2022, 7:27 pm : Array not full. Stopped at: FVSV
EXITING SCRIPT WITH ERROR
------------------------------------

January 31, 2022, 7:26 pm : Array not full. Stopped at: FVSV
EXITING SCRIPT WITH ERROR
------------------------------------

February 1, 2022, 7:27 pm : Array not full. Stopped at: FVSV
EXITING SCRIPT WITH ERROR
------------------------------------

February 2, 2022, 7:27 pm : Array not full. Stopped at: FVSV
EXITING SCRIPT WITH ERROR
------------------------------------

February 3, 2022, 7:27 pm : Array not full. Stopped at: FVSV
EXITING SCRIPT WITH ERROR
------------------------------------

February 4, 2022, 7:27 pm : Array not full. Stopped at: FVSV
EXITING SCRIPT WITH ERROR
------------------------------------

February 5, 2022, 7:27 pm : Array not full. Stopped at: FVSV
EXITING SCRIPT WITH ERROR
------------------------------------

February 6, 2022, 7:29 pm : Array not full. Stopped at: FVSV
EXITING SCRIPT WITH ERROR
------------------------------------

February 7, 2022, 7:26 pm : Array not full. Stopped at: FVSV
EXITING SCRIPT WITH ERROR
------------------------------------

February 8, 2022, 7:27 pm : Array not full. Stopped at: FVSV
EXITING SCRIPT WITH ERROR
------------------------------------

February 9, 2022, 7:27 pm : Array not full. Stopped at: FVSV
EXITING SCRIPT WITH ERROR
------------------------------------

February 10, 2022, 7:27 pm : Array not full. Stopped at: FVSV
EXITING SCRIPT WITH ERROR
------------------------------------

February 11, 2022, 7:27 pm : Array not full. Stopped at: FVSV
EXITING SCRIPT WITH ERROR
------------------------------------

February 12, 2022, 7:27 pm : Array not full. Stopped at: FVSV
EXITING SCRIPT WITH ERROR
------------------------------------

February 13, 2022, 7:27 pm : Array not full. Stopped at: FVSV
EXITING SCRIPT WITH ERROR
------------------------------------

February 14, 2022, 7:26 pm : Array not full. Stopped at: FVSV
EXITING SCRIPT WITH ERROR
------------------------------------

February 15, 2022, 7:26 pm : Array not full. Stopped at: FVSV
EXITING SCRIPT WITH ERROR
------------------------------------

February 16, 2022, 7:27 pm : Array not full. Stopped at: FVSV
EXITING SCRIPT WITH ERROR
------------------------------------

February 17, 2022, 7:27 pm : Array not full. Stopped at: FVSV
EXITING SCRIPT WITH ERROR
------------------------------------

February 18, 2022, 7:27 pm : Array not full. Stopped at: FVSV
EXITING SCRIPT WITH ERROR
------------------------------------

February 19, 2022, 7:27 pm : Array not full. Stopped at: FVSV
EXITING SCRIPT WITH ERROR
------------------------------------

February 20, 2022, 7:27 pm : Array not full. Stopped at: FVSV
EXITING SCRIPT WITH ERROR
------------------------------------

February 21, 2022, 7:26 pm : Array not full. Stopped at: FVSV
EXITING SCRIPT WITH ERROR
------------------------------------

